[INFO] Scanning for projects...
[INFO] 
[INFO] ------------------------< com.example:gateway >-------------------------
[INFO] Building gateway 0.0.1-SNAPSHOT
[INFO]   from pom.xml
[INFO] --------------------------------[ jar ]---------------------------------
[INFO] 
[INFO] >>> spring-boot:3.1.3:run (default-cli) > test-compile @ gateway >>>
[INFO] 
[INFO] --- resources:3.3.1:resources (default-resources) @ gateway ---
[INFO] Copying 2 resources from src/main/resources to target/classes
[INFO] Copying 1 resource from src/main/resources to target/classes
[INFO] 
[INFO] --- compiler:3.11.0:compile (default-compile) @ gateway ---
[INFO] Nothing to compile - all classes are up to date
[INFO] 
[INFO] --- resources:3.3.1:testResources (default-testResources) @ gateway ---
[INFO] skip non existing resourceDirectory /Users/cyril/INSA/Architecture_Service/RoomTemperatureTP/gateway/src/test/resources
[INFO] 
[INFO] --- compiler:3.11.0:testCompile (default-testCompile) @ gateway ---
[INFO] Nothing to compile - all classes are up to date
[INFO] 
[INFO] <<< spring-boot:3.1.3:run (default-cli) < test-compile @ gateway <<<
[INFO] 
[INFO] 
[INFO] --- spring-boot:3.1.3:run (default-cli) @ gateway ---
[INFO] Attaching agents: []

  .   ____          _            __ _ _
 /\\ / ___'_ __ _ _(_)_ __  __ _ \ \ \ \
( ( )\___ | '_ | '_| | '_ \/ _` | \ \ \ \
 \\/  ___)| |_)| | | | | || (_| |  ) ) ) )
  '  |____| .__|_| |_|_| |_\__, | / / / /
 =========|_|==============|___/=/_/_/_/
[32m :: Spring Boot :: [39m              [2m (v3.1.3)[0;39m

[2m2025-01-07T11:54:56.356+01:00[0;39m [32m INFO[0;39m [35m11505[0;39m [2m---[0;39m [2m[           main][0;39m [36mcom.example.gateway.GatewayApplication  [0;39m [2m:[0;39m Starting GatewayApplication using Java 23.0.1 with PID 11505 (/Users/cyril/INSA/Architecture_Service/RoomTemperatureTP/gateway/target/classes started by cyril in /Users/cyril/INSA/Architecture_Service/RoomTemperatureTP/gateway)
[2m2025-01-07T11:54:56.359+01:00[0;39m [32m INFO[0;39m [35m11505[0;39m [2m---[0;39m [2m[           main][0;39m [36mcom.example.gateway.GatewayApplication  [0;39m [2m:[0;39m No active profile set, falling back to 1 default profile: "default"
[2m2025-01-07T11:54:56.885+01:00[0;39m [32m INFO[0;39m [35m11505[0;39m [2m---[0;39m [2m[           main][0;39m [36mo.s.cloud.context.scope.GenericScope    [0;39m [2m:[0;39m BeanFactory id=576fcc01-f2de-3fe3-b5fa-8f80959b921f
[2m2025-01-07T11:54:57.107+01:00[0;39m [31mERROR[0;39m [35m11505[0;39m [2m---[0;39m [2m[           main][0;39m [36mi.n.r.d.DnsServerAddressStreamProviders [0;39m [2m:[0;39m Unable to load io.netty.resolver.dns.macos.MacOSDnsServerAddressStreamProvider, fallback to system defaults. This may result in incorrect DNS resolutions on MacOS. Check whether you have a dependency on 'io.netty:netty-resolver-dns-native-macos'. Use DEBUG level to see the full stack: java.lang.UnsatisfiedLinkError: failed to load the required native library
[2m2025-01-07T11:54:57.336+01:00[0;39m [32m INFO[0;39m [35m11505[0;39m [2m---[0;39m [2m[           main][0;39m [36mo.s.c.g.r.RouteDefinitionRouteLocator   [0;39m [2m:[0;39m Loaded RoutePredicateFactory [After]
[2m2025-01-07T11:54:57.336+01:00[0;39m [32m INFO[0;39m [35m11505[0;39m [2m---[0;39m [2m[           main][0;39m [36mo.s.c.g.r.RouteDefinitionRouteLocator   [0;39m [2m:[0;39m Loaded RoutePredicateFactory [Before]
[2m2025-01-07T11:54:57.336+01:00[0;39m [32m INFO[0;39m [35m11505[0;39m [2m---[0;39m [2m[           main][0;39m [36mo.s.c.g.r.RouteDefinitionRouteLocator   [0;39m [2m:[0;39m Loaded RoutePredicateFactory [Between]
[2m2025-01-07T11:54:57.336+01:00[0;39m [32m INFO[0;39m [35m11505[0;39m [2m---[0;39m [2m[           main][0;39m [36mo.s.c.g.r.RouteDefinitionRouteLocator   [0;39m [2m:[0;39m Loaded RoutePredicateFactory [Cookie]
[2m2025-01-07T11:54:57.336+01:00[0;39m [32m INFO[0;39m [35m11505[0;39m [2m---[0;39m [2m[           main][0;39m [36mo.s.c.g.r.RouteDefinitionRouteLocator   [0;39m [2m:[0;39m Loaded RoutePredicateFactory [Header]
[2m2025-01-07T11:54:57.336+01:00[0;39m [32m INFO[0;39m [35m11505[0;39m [2m---[0;39m [2m[           main][0;39m [36mo.s.c.g.r.RouteDefinitionRouteLocator   [0;39m [2m:[0;39m Loaded RoutePredicateFactory [Host]
[2m2025-01-07T11:54:57.336+01:00[0;39m [32m INFO[0;39m [35m11505[0;39m [2m---[0;39m [2m[           main][0;39m [36mo.s.c.g.r.RouteDefinitionRouteLocator   [0;39m [2m:[0;39m Loaded RoutePredicateFactory [Method]
[2m2025-01-07T11:54:57.336+01:00[0;39m [32m INFO[0;39m [35m11505[0;39m [2m---[0;39m [2m[           main][0;39m [36mo.s.c.g.r.RouteDefinitionRouteLocator   [0;39m [2m:[0;39m Loaded RoutePredicateFactory [Path]
[2m2025-01-07T11:54:57.336+01:00[0;39m [32m INFO[0;39m [35m11505[0;39m [2m---[0;39m [2m[           main][0;39m [36mo.s.c.g.r.RouteDefinitionRouteLocator   [0;39m [2m:[0;39m Loaded RoutePredicateFactory [Query]
[2m2025-01-07T11:54:57.336+01:00[0;39m [32m INFO[0;39m [35m11505[0;39m [2m---[0;39m [2m[           main][0;39m [36mo.s.c.g.r.RouteDefinitionRouteLocator   [0;39m [2m:[0;39m Loaded RoutePredicateFactory [ReadBody]
[2m2025-01-07T11:54:57.336+01:00[0;39m [32m INFO[0;39m [35m11505[0;39m [2m---[0;39m [2m[           main][0;39m [36mo.s.c.g.r.RouteDefinitionRouteLocator   [0;39m [2m:[0;39m Loaded RoutePredicateFactory [RemoteAddr]
[2m2025-01-07T11:54:57.336+01:00[0;39m [32m INFO[0;39m [35m11505[0;39m [2m---[0;39m [2m[           main][0;39m [36mo.s.c.g.r.RouteDefinitionRouteLocator   [0;39m [2m:[0;39m Loaded RoutePredicateFactory [XForwardedRemoteAddr]
[2m2025-01-07T11:54:57.337+01:00[0;39m [32m INFO[0;39m [35m11505[0;39m [2m---[0;39m [2m[           main][0;39m [36mo.s.c.g.r.RouteDefinitionRouteLocator   [0;39m [2m:[0;39m Loaded RoutePredicateFactory [Weight]
[2m2025-01-07T11:54:57.337+01:00[0;39m [32m INFO[0;39m [35m11505[0;39m [2m---[0;39m [2m[           main][0;39m [36mo.s.c.g.r.RouteDefinitionRouteLocator   [0;39m [2m:[0;39m Loaded RoutePredicateFactory [CloudFoundryRouteService]
[2m2025-01-07T11:54:57.415+01:00[0;39m [32m INFO[0;39m [35m11505[0;39m [2m---[0;39m [2m[           main][0;39m [36mo.s.b.a.e.web.EndpointLinksResolver     [0;39m [2m:[0;39m Exposing 1 endpoint(s) beneath base path '/actuator'
[2m2025-01-07T11:54:57.514+01:00[0;39m [33m WARN[0;39m [35m11505[0;39m [2m---[0;39m [2m[           main][0;39m [36monfigReactiveWebServerApplicationContext[0;39m [2m:[0;39m Exception encountered during context initialization - cancelling refresh attempt: org.springframework.context.ApplicationContextException: Failed to start bean 'webServerStartStop'
[2m2025-01-07T11:54:59.617+01:00[0;39m [32m INFO[0;39m [35m11505[0;39m [2m---[0;39m [2m[           main][0;39m [36m.s.b.a.l.ConditionEvaluationReportLogger[0;39m [2m:[0;39m 

Error starting ApplicationContext. To display the condition evaluation report re-run your application with 'debug' enabled.
[2m2025-01-07T11:54:59.625+01:00[0;39m [31mERROR[0;39m [35m11505[0;39m [2m---[0;39m [2m[           main][0;39m [36mo.s.b.d.LoggingFailureAnalysisReporter  [0;39m [2m:[0;39m 

***************************
APPLICATION FAILED TO START
***************************

Description:

Web server failed to start. Port 8080 was already in use.

Action:

Identify and stop the process that's listening on port 8080 or configure this application to listen on another port.

[INFO] ------------------------------------------------------------------------
[INFO] BUILD FAILURE
[INFO] ------------------------------------------------------------------------
[INFO] Total time:  5.815 s
[INFO] Finished at: 2025-01-07T11:55:00+01:00
[INFO] ------------------------------------------------------------------------
[ERROR] Failed to execute goal org.springframework.boot:spring-boot-maven-plugin:3.1.3:run (default-cli) on project gateway: Process terminated with exit code: 1 -> [Help 1]
[ERROR] 
[ERROR] To see the full stack trace of the errors, re-run Maven with the -e switch.
[ERROR] Re-run Maven using the -X switch to enable full debug logging.
[ERROR] 
[ERROR] For more information about the errors and possible solutions, please read the following articles:
[ERROR] [Help 1] http://cwiki.apache.org/confluence/display/MAVEN/MojoExecutionException
