[INFO] Scanning for projects...
[INFO] 
[INFO] ----------------------< com.example:roomservice >-----------------------
[INFO] Building roomservice 0.0.1-SNAPSHOT
[INFO]   from pom.xml
[INFO] --------------------------------[ jar ]---------------------------------
[INFO] 
[INFO] >>> spring-boot:3.4.1:run (default-cli) > test-compile @ roomservice >>>
[INFO] 
[INFO] --- resources:3.3.1:resources (default-resources) @ roomservice ---
[INFO] Copying 1 resource from src/main/resources to target/classes
[INFO] Copying 0 resource from src/main/resources to target/classes
[INFO] 
[INFO] --- compiler:3.13.0:compile (default-compile) @ roomservice ---
[INFO] Nothing to compile - all classes are up to date.
[INFO] 
[INFO] --- resources:3.3.1:testResources (default-testResources) @ roomservice ---
[INFO] skip non existing resourceDirectory /Users/cyril/INSA/Architecture_Service/RoomTemperatureTP/roomservice/src/test/resources
[INFO] 
[INFO] --- compiler:3.13.0:testCompile (default-testCompile) @ roomservice ---
[INFO] Nothing to compile - all classes are up to date.
[INFO] 
[INFO] <<< spring-boot:3.4.1:run (default-cli) < test-compile @ roomservice <<<
[INFO] 
[INFO] 
[INFO] --- spring-boot:3.4.1:run (default-cli) @ roomservice ---
[INFO] Attaching agents: []

  .   ____          _            __ _ _
 /\\ / ___'_ __ _ _(_)_ __  __ _ \ \ \ \
( ( )\___ | '_ | '_| | '_ \/ _` | \ \ \ \
 \\/  ___)| |_)| | | | | || (_| |  ) ) ) )
  '  |____| .__|_| |_|_| |_\__, | / / / /
 =========|_|==============|___/=/_/_/_/

 :: Spring Boot ::                (v3.4.1)

2025-01-07T11:54:55.946+01:00  INFO 11503 --- [roomservice] [           main] c.e.roomservice.RoomserviceApplication   : Starting RoomserviceApplication using Java 23.0.1 with PID 11503 (/Users/cyril/INSA/Architecture_Service/RoomTemperatureTP/roomservice/target/classes started by cyril in /Users/cyril/INSA/Architecture_Service/RoomTemperatureTP/roomservice)
2025-01-07T11:54:55.947+01:00  INFO 11503 --- [roomservice] [           main] c.e.roomservice.RoomserviceApplication   : No active profile set, falling back to 1 default profile: "default"
2025-01-07T11:54:56.238+01:00  INFO 11503 --- [roomservice] [           main] c.e.roomservice.RoomserviceApplication   : Started RoomserviceApplication in 0.541 seconds (process running for 0.758)
[INFO] ------------------------------------------------------------------------
[INFO] BUILD SUCCESS
[INFO] ------------------------------------------------------------------------
[INFO] Total time:  1.778 s
[INFO] Finished at: 2025-01-07T11:54:56+01:00
[INFO] ------------------------------------------------------------------------
